0 info it worked if it ends with ok
1 verbose cli [ 'C:\\Program Files\\nodejs\\node.exe',
1 verbose cli   'C:\\Users\\oceania\\AppData\\Roaming\\npm\\node_modules\\npm\\bin\\npm-cli.js',
1 verbose cli   'run',
1 verbose cli   'build' ]
2 info using npm@3.10.6
3 info using node@v6.9.2
4 verbose run-script [ 'prebuild', 'build', 'postbuild' ]
5 info lifecycle angular2-seed-starter@1.0.1~prebuild: angular2-seed-starter@1.0.1
6 verbose lifecycle angular2-seed-starter@1.0.1~prebuild: unsafe-perm in lifecycle true
7 verbose lifecycle angular2-seed-starter@1.0.1~prebuild: PATH: C:\Users\oceania\AppData\Roaming\npm\node_modules\npm\bin\node-gyp-bin;G:\angular2-seed-starter\node_modules\.bin;C:\Program Files (x86)\Intel\iCLS Client\;C:\Program Files\Intel\iCLS Client\;C:\Windows\system32;C:\Windows;C:\Windows\System32\Wbem;C:\Windows\System32\WindowsPowerShell\v1.0\;C:\Program Files (x86)\NVIDIA Corporation\PhysX\Common;C:\Program Files (x86)\Intel\Intel(R) Management Engine Components\DAL;C:\Program Files\Intel\Intel(R) Management Engine Components\DAL;C:\Program Files (x86)\Intel\Intel(R) Management Engine Components\IPT;C:\Program Files\Intel\Intel(R) Management Engine Components\IPT;C:\Program Files\Intel\WiFi\bin\;C:\Program Files\Common Files\Intel\WirelessCommon\;C:\WINDOWS\system32;C:\WINDOWS;C:\WINDOWS\System32\Wbem;C:\WINDOWS\System32\WindowsPowerShell\v1.0\;E:\Git\bin;E:\Git\cmd;E:\cmder;C:\Program Files (x86)\MacType;C:\Python27;C:\Program Files (x86)\Windows Kits\8.1\Windows Performance Toolkit\;C:\Program Files\nodejs\;E:\Ruby22-x64\bin;E:\Git\bin;E:\Git\cmd;C:\Python27;C:\Users\oceania\AppData\Local\Microsoft\WindowsApps;C:\Users\oceania\AppData\Roaming\npm;C:\Program Files (x86)\Microsoft VS Code\bin
8 verbose lifecycle angular2-seed-starter@1.0.1~prebuild: CWD: G:\angular2-seed-starter
9 silly lifecycle angular2-seed-starter@1.0.1~prebuild: Args: [ '/d /s /c', 'rimraf dist' ]
10 silly lifecycle angular2-seed-starter@1.0.1~prebuild: Returned: code: 0  signal: null
11 info lifecycle angular2-seed-starter@1.0.1~build: angular2-seed-starter@1.0.1
12 verbose lifecycle angular2-seed-starter@1.0.1~build: unsafe-perm in lifecycle true
13 verbose lifecycle angular2-seed-starter@1.0.1~build: PATH: C:\Users\oceania\AppData\Roaming\npm\node_modules\npm\bin\node-gyp-bin;G:\angular2-seed-starter\node_modules\.bin;C:\Program Files (x86)\Intel\iCLS Client\;C:\Program Files\Intel\iCLS Client\;C:\Windows\system32;C:\Windows;C:\Windows\System32\Wbem;C:\Windows\System32\WindowsPowerShell\v1.0\;C:\Program Files (x86)\NVIDIA Corporation\PhysX\Common;C:\Program Files (x86)\Intel\Intel(R) Management Engine Components\DAL;C:\Program Files\Intel\Intel(R) Management Engine Components\DAL;C:\Program Files (x86)\Intel\Intel(R) Management Engine Components\IPT;C:\Program Files\Intel\Intel(R) Management Engine Components\IPT;C:\Program Files\Intel\WiFi\bin\;C:\Program Files\Common Files\Intel\WirelessCommon\;C:\WINDOWS\system32;C:\WINDOWS;C:\WINDOWS\System32\Wbem;C:\WINDOWS\System32\WindowsPowerShell\v1.0\;E:\Git\bin;E:\Git\cmd;E:\cmder;C:\Program Files (x86)\MacType;C:\Python27;C:\Program Files (x86)\Windows Kits\8.1\Windows Performance Toolkit\;C:\Program Files\nodejs\;E:\Ruby22-x64\bin;E:\Git\bin;E:\Git\cmd;C:\Python27;C:\Users\oceania\AppData\Local\Microsoft\WindowsApps;C:\Users\oceania\AppData\Roaming\npm;C:\Program Files (x86)\Microsoft VS Code\bin
14 verbose lifecycle angular2-seed-starter@1.0.1~build: CWD: G:\angular2-seed-starter
15 silly lifecycle angular2-seed-starter@1.0.1~build: Args: [ '/d /s /c', 'cross-env NODE_ENV=prod webpack --progress' ]
16 silly lifecycle angular2-seed-starter@1.0.1~build: Returned: code: 2  signal: null
17 info lifecycle angular2-seed-starter@1.0.1~build: Failed to exec build script
18 verbose stack Error: angular2-seed-starter@1.0.1 build: `cross-env NODE_ENV=prod webpack --progress`
18 verbose stack Exit status 2
18 verbose stack     at EventEmitter.<anonymous> (C:\Users\oceania\AppData\Roaming\npm\node_modules\npm\lib\utils\lifecycle.js:255:16)
18 verbose stack     at emitTwo (events.js:106:13)
18 verbose stack     at EventEmitter.emit (events.js:191:7)
18 verbose stack     at ChildProcess.<anonymous> (C:\Users\oceania\AppData\Roaming\npm\node_modules\npm\lib\utils\spawn.js:40:14)
18 verbose stack     at emitTwo (events.js:106:13)
18 verbose stack     at ChildProcess.emit (events.js:191:7)
18 verbose stack     at maybeClose (internal/child_process.js:877:16)
18 verbose stack     at Process.ChildProcess._handle.onexit (internal/child_process.js:226:5)
19 verbose pkgid angular2-seed-starter@1.0.1
20 verbose cwd G:\angular2-seed-starter
21 error Windows_NT 10.0.14393
22 error argv "C:\\Program Files\\nodejs\\node.exe" "C:\\Users\\oceania\\AppData\\Roaming\\npm\\node_modules\\npm\\bin\\npm-cli.js" "run" "build"
23 error node v6.9.2
24 error npm  v3.10.6
25 error code ELIFECYCLE
26 error angular2-seed-starter@1.0.1 build: `cross-env NODE_ENV=prod webpack --progress`
26 error Exit status 2
27 error Failed at the angular2-seed-starter@1.0.1 build script 'cross-env NODE_ENV=prod webpack --progress'.
27 error Make sure you have the latest version of node.js and npm installed.
27 error If you do, this is most likely a problem with the angular2-seed-starter package,
27 error not with npm itself.
27 error Tell the author that this fails on your system:
27 error     cross-env NODE_ENV=prod webpack --progress
27 error You can get information on how to open an issue for this project with:
27 error     npm bugs angular2-seed-starter
27 error Or if that isn't available, you can get their info via:
27 error     npm owner ls angular2-seed-starter
27 error There is likely additional logging output above.
28 verbose exit [ 1, true ]
